<?xml version="1.0" encoding="UTF-8"?>
<testsuite name="MainTest" tests="2" skipped="0" failures="0" errors="0" timestamp="2019-12-18T18:15:00" hostname="DESKTOP-46RJUTG" time="0.254">
  <properties/>
  <testcase name="createLabelWithRightPosition" classname="MainTest" time="0.228"/>
  <testcase name="createLabelWithRightText" classname="MainTest" time="0.026"/>
  <system-out><![CDATA[]]></system-out>
  <system-err><![CDATA[]]></system-err>
</testsuite>
